platforms/android/app/build/intermediates/manifest_merge_blame_file/release/manifest-merger-blame-release-report.txt
1<?xml version="1.0" encoding="utf-8"?>
2<manifest xmlns:android="http://schemas.android.com/apk/res/android"
3    package="br.com.innovatesoft.bibliaarc"
4    android:hardwareAccelerated="true"
5    android:versionCode="10011"
6    android:versionName="1.0.11" >
7
8    <uses-sdk
8-->src/main/AndroidManifest.xml:45:5-48
9        android:minSdkVersion="19"
9-->src/main/AndroidManifest.xml:45:5-48
10        android:targetSdkVersion="29" />
10-->src/main/AndroidManifest.xml:45:16-45
11
12    <supports-screens
12-->src/main/AndroidManifest.xml:3:5-191
13        android:anyDensity="true"
13-->src/main/AndroidManifest.xml:3:23-48
14        android:largeScreens="true"
14-->src/main/AndroidManifest.xml:3:49-76
15        android:normalScreens="true"
15-->src/main/AndroidManifest.xml:3:77-105
16        android:resizeable="true"
16-->src/main/AndroidManifest.xml:3:106-131
17        android:smallScreens="true"
17-->src/main/AndroidManifest.xml:3:132-159
18        android:xlargeScreens="true" />
18-->src/main/AndroidManifest.xml:3:160-188
19
20    <uses-permission android:name="android.permission.INTERNET" />
20-->src/main/AndroidManifest.xml:4:5-67
20-->src/main/AndroidManifest.xml:4:22-64
21    <uses-permission android:name="android.permission.ACCESS_NETWORK_STATE" />
21-->src/main/AndroidManifest.xml:46:5-79
21-->src/main/AndroidManifest.xml:46:22-76
22    <uses-permission android:name="android.permission.WRITE_EXTERNAL_STORAGE" />
22-->src/main/AndroidManifest.xml:47:5-81
22-->src/main/AndroidManifest.xml:47:22-78
23    <uses-permission android:name="android.permission.BLUETOOTH" />
23-->src/main/AndroidManifest.xml:48:5-68
23-->src/main/AndroidManifest.xml:48:22-65
24    <uses-permission android:name="com.amazon.device.messaging.permission.RECEIVE" />
24-->src/main/AndroidManifest.xml:49:5-86
24-->src/main/AndroidManifest.xml:49:22-83
25
26    <permission
26-->src/main/AndroidManifest.xml:50:5-131
27        android:name="br.com.innovatesoft.bibliaarc.permission.RECEIVE_ADM_MESSAGE"
27-->src/main/AndroidManifest.xml:50:17-92
28        android:protectionLevel="signature" />
28-->src/main/AndroidManifest.xml:50:93-128
29
30    <uses-permission android:name="br.com.innovatesoft.bibliaarc.permission.RECEIVE_ADM_MESSAGE" />
30-->src/main/AndroidManifest.xml:51:5-100
30-->src/main/AndroidManifest.xml:51:22-97
31    <uses-permission android:name="android.permission.WAKE_LOCK" />
31-->src/main/AndroidManifest.xml:52:5-68
31-->src/main/AndroidManifest.xml:52:22-65
32    <uses-permission android:name="android.permission.VIBRATE" />
32-->src/main/AndroidManifest.xml:53:5-66
32-->src/main/AndroidManifest.xml:53:22-63
33    <!-- Create a unique permission for your app and use it so only your app can receive your OneSignal messages. -->
34    <permission
34-->[com.onesignal:OneSignal:3.10.5] AndroidManifest.xml:8:5-10:47
35        android:name="br.com.innovatesoft.bibliaarc.permission.C2D_MESSAGE"
35-->[com.onesignal:OneSignal:3.10.5] AndroidManifest.xml:9:9-63
36        android:protectionLevel="signature" />
36-->[com.onesignal:OneSignal:3.10.5] AndroidManifest.xml:10:9-44
37
38    <uses-permission android:name="br.com.innovatesoft.bibliaarc.permission.C2D_MESSAGE" />
38-->[com.onesignal:OneSignal:3.10.5] AndroidManifest.xml:12:5-79
38-->[com.onesignal:OneSignal:3.10.5] AndroidManifest.xml:12:22-76
39    <uses-permission android:name="com.google.android.c2dm.permission.RECEIVE" />
39-->[com.onesignal:OneSignal:3.10.5] AndroidManifest.xml:18:5-82
39-->[com.onesignal:OneSignal:3.10.5] AndroidManifest.xml:18:22-79
40    <!--
41 Use to restore notifications the user hasn't interacted with.
42         They could be missed notifications if the user reboots their device if this isn't in place.
43    -->
44    <uses-permission android:name="android.permission.RECEIVE_BOOT_COMPLETED" /> <!-- START: ShortcutBadger -->
44-->[com.onesignal:OneSignal:3.10.5] AndroidManifest.xml:30:5-81
44-->[com.onesignal:OneSignal:3.10.5] AndroidManifest.xml:30:22-78
45    <!-- Samsung -->
46    <uses-permission android:name="com.sec.android.provider.badge.permission.READ" />
46-->[com.onesignal:OneSignal:3.10.5] AndroidManifest.xml:32:5-86
46-->[com.onesignal:OneSignal:3.10.5] AndroidManifest.xml:32:22-83
47    <uses-permission android:name="com.sec.android.provider.badge.permission.WRITE" /> <!-- HTC -->
47-->[com.onesignal:OneSignal:3.10.5] AndroidManifest.xml:33:5-87
47-->[com.onesignal:OneSignal:3.10.5] AndroidManifest.xml:33:22-84
48    <uses-permission android:name="com.htc.launcher.permission.READ_SETTINGS" />
48-->[com.onesignal:OneSignal:3.10.5] AndroidManifest.xml:34:5-81
48-->[com.onesignal:OneSignal:3.10.5] AndroidManifest.xml:34:22-78
49    <uses-permission android:name="com.htc.launcher.permission.UPDATE_SHORTCUT" /> <!-- Sony -->
49-->[com.onesignal:OneSignal:3.10.5] AndroidManifest.xml:35:5-83
49-->[com.onesignal:OneSignal:3.10.5] AndroidManifest.xml:35:22-80
50    <uses-permission android:name="com.sonyericsson.home.permission.BROADCAST_BADGE" />
50-->[com.onesignal:OneSignal:3.10.5] AndroidManifest.xml:36:5-88
50-->[com.onesignal:OneSignal:3.10.5] AndroidManifest.xml:36:22-85
51    <uses-permission android:name="com.sonymobile.home.permission.PROVIDER_INSERT_BADGE" /> <!-- Apex -->
51-->[com.onesignal:OneSignal:3.10.5] AndroidManifest.xml:37:5-92
51-->[com.onesignal:OneSignal:3.10.5] AndroidManifest.xml:37:22-89
52    <uses-permission android:name="com.anddoes.launcher.permission.UPDATE_COUNT" /> <!-- Solid -->
52-->[com.onesignal:OneSignal:3.10.5] AndroidManifest.xml:38:5-84
52-->[com.onesignal:OneSignal:3.10.5] AndroidManifest.xml:38:22-81
53    <uses-permission android:name="com.majeur.launcher.permission.UPDATE_BADGE" /> <!-- Huawei -->
53-->[com.onesignal:OneSignal:3.10.5] AndroidManifest.xml:39:5-83
53-->[com.onesignal:OneSignal:3.10.5] AndroidManifest.xml:39:22-80
54    <uses-permission android:name="com.huawei.android.launcher.permission.CHANGE_BADGE" />
54-->[com.onesignal:OneSignal:3.10.5] AndroidManifest.xml:40:5-91
54-->[com.onesignal:OneSignal:3.10.5] AndroidManifest.xml:40:22-88
55    <uses-permission android:name="com.huawei.android.launcher.permission.READ_SETTINGS" />
55-->[com.onesignal:OneSignal:3.10.5] AndroidManifest.xml:41:5-92
55-->[com.onesignal:OneSignal:3.10.5] AndroidManifest.xml:41:22-89
56    <uses-permission android:name="com.huawei.android.launcher.permission.WRITE_SETTINGS" /> <!-- ZUK -->
56-->[com.onesignal:OneSignal:3.10.5] AndroidManifest.xml:42:5-93
56-->[com.onesignal:OneSignal:3.10.5] AndroidManifest.xml:42:22-90
57    <uses-permission android:name="android.permission.READ_APP_BADGE" /> <!-- OPPO -->
57-->[com.onesignal:OneSignal:3.10.5] AndroidManifest.xml:43:5-73
57-->[com.onesignal:OneSignal:3.10.5] AndroidManifest.xml:43:22-70
58    <uses-permission android:name="com.oppo.launcher.permission.READ_SETTINGS" />
58-->[com.onesignal:OneSignal:3.10.5] AndroidManifest.xml:44:5-82
58-->[com.onesignal:OneSignal:3.10.5] AndroidManifest.xml:44:22-79
59    <uses-permission android:name="com.oppo.launcher.permission.WRITE_SETTINGS" /> <!-- EvMe -->
59-->[com.onesignal:OneSignal:3.10.5] AndroidManifest.xml:45:5-83
59-->[com.onesignal:OneSignal:3.10.5] AndroidManifest.xml:45:22-80
60    <uses-permission android:name="me.everything.badger.permission.BADGE_COUNT_READ" />
60-->[com.onesignal:OneSignal:3.10.5] AndroidManifest.xml:46:5-88
60-->[com.onesignal:OneSignal:3.10.5] AndroidManifest.xml:46:22-85
61    <uses-permission android:name="me.everything.badger.permission.BADGE_COUNT_WRITE" />
61-->[com.onesignal:OneSignal:3.10.5] AndroidManifest.xml:47:5-89
61-->[com.onesignal:OneSignal:3.10.5] AndroidManifest.xml:47:22-86
62    <uses-permission android:name="android.permission.READ_PHONE_STATE" />
63    <uses-permission android:name="android.permission.READ_EXTERNAL_STORAGE" />
64
65    <application
65-->src/main/AndroidManifest.xml:5:5-44:19
66        android:name="android.support.multidex.MultiDexApplication"
67        android:hardwareAccelerated="true"
67-->src/main/AndroidManifest.xml:5:18-52
68        android:icon="@mipmap/icon"
68-->src/main/AndroidManifest.xml:5:53-80
69        android:label="@string/app_name"
69-->src/main/AndroidManifest.xml:5:81-113
70        android:supportsRtl="true" >
70-->src/main/AndroidManifest.xml:5:114-140
71        <activity
71-->src/main/AndroidManifest.xml:6:9-11:20
72            android:name="br.com.innovatesoft.bibliaarc.MainActivity"
72-->src/main/AndroidManifest.xml:6:166-193
73            android:configChanges="orientation|keyboardHidden|keyboard|screenSize|locale"
73-->src/main/AndroidManifest.xml:6:19-96
74            android:label="@string/activity_name"
74-->src/main/AndroidManifest.xml:6:97-134
75            android:launchMode="singleTop"
75-->src/main/AndroidManifest.xml:6:135-165
76            android:screenOrientation="portrait"
76-->src/main/AndroidManifest.xml:6:194-230
77            android:theme="@android:style/Theme.DeviceDefault.NoActionBar"
77-->src/main/AndroidManifest.xml:6:231-293
78            android:windowSoftInputMode="adjustResize" >
78-->src/main/AndroidManifest.xml:6:294-336
79            <intent-filter android:label="@string/launcher_name" >
79-->src/main/AndroidManifest.xml:7:13-10:29
79-->src/main/AndroidManifest.xml:7:28-65
80                <action android:name="android.intent.action.MAIN" />
80-->src/main/AndroidManifest.xml:8:17-69
80-->src/main/AndroidManifest.xml:8:25-66
81
82                <category android:name="android.intent.category.LAUNCHER" />
82-->src/main/AndroidManifest.xml:9:17-77
82-->src/main/AndroidManifest.xml:9:27-74
83            </intent-filter>
84        </activity>
85        <activity
85-->src/main/AndroidManifest.xml:12:9-233
86            android:name="com.google.android.gms.ads.AdActivity"
86-->src/main/AndroidManifest.xml:12:129-181
87            android:configChanges="keyboard|keyboardHidden|orientation|screenLayout|uiMode|screenSize|smallestScreenSize"
87-->src/main/AndroidManifest.xml:12:19-128
88            android:exported="false"
88-->[com.google.android.gms:play-services-ads-lite:11.6.2] AndroidManifest.xml:25:231-255
89            android:theme="@android:style/Theme.Translucent" />
89-->src/main/AndroidManifest.xml:12:182-230
90
91        <meta-data
91-->src/main/AndroidManifest.xml:13:9-134
92            android:name="com.google.android.gms.ads.APPLICATION_ID"
92-->src/main/AndroidManifest.xml:13:20-76
93            android:value="ca-app-pub-7091486462236476~9169161472" />
93-->src/main/AndroidManifest.xml:13:77-131
94
95        <receiver
95-->src/main/AndroidManifest.xml:14:9-18:20
96            android:name="nl.xservices.plugins.ShareChooserPendingIntent"
96-->src/main/AndroidManifest.xml:14:42-103
97            android:enabled="true" >
97-->src/main/AndroidManifest.xml:14:19-41
98            <intent-filter>
98-->src/main/AndroidManifest.xml:15:13-17:29
99                <action android:name="android.intent.action.SEND" />
99-->src/main/AndroidManifest.xml:16:17-69
99-->src/main/AndroidManifest.xml:16:25-66
100            </intent-filter>
101        </receiver>
102
103        <provider
104            android:name="nl.xservices.plugins.FileProvider"
104-->src/main/AndroidManifest.xml:19:135-183
105            android:authorities="br.com.innovatesoft.bibliaarc.sharing.provider"
105-->src/main/AndroidManifest.xml:19:19-74
106            android:exported="false"
106-->src/main/AndroidManifest.xml:19:75-99
107            android:grantUriPermissions="true" >
107-->src/main/AndroidManifest.xml:19:100-134
108            <meta-data
108-->src/main/AndroidManifest.xml:20:13-115
109                android:name="android.support.FILE_PROVIDER_PATHS"
109-->src/main/AndroidManifest.xml:20:24-74
110                android:resource="@xml/sharing_paths" />
110-->src/main/AndroidManifest.xml:20:75-112
111        </provider>
112
113        <amazon:enable-feature
113-->src/main/AndroidManifest.xml:22:9-159
114            xmlns:amazon="http://schemas.amazon.com/apk/res/android"
114-->src/main/AndroidManifest.xml:22:100-156
115            android:name="com.amazon.device.messaging"
115-->src/main/AndroidManifest.xml:22:32-74
116            android:required="false" />
116-->src/main/AndroidManifest.xml:22:75-99
117
118        <service
118-->src/main/AndroidManifest.xml:23:9-92
119            android:name="com.onesignal.ADMMessageHandler"
119-->src/main/AndroidManifest.xml:23:43-89
120            android:exported="false" />
120-->src/main/AndroidManifest.xml:23:18-42
121
122        <receiver
122-->src/main/AndroidManifest.xml:24:9-30:20
123            android:name="com.onesignal.ADMMessageHandler$Receiver"
123-->src/main/AndroidManifest.xml:24:19-74
124            android:permission="com.amazon.device.messaging.permission.SEND" >
124-->src/main/AndroidManifest.xml:24:75-139
125            <intent-filter>
125-->src/main/AndroidManifest.xml:25:13-29:29
126                <action android:name="com.amazon.device.messaging.intent.REGISTRATION" />
126-->src/main/AndroidManifest.xml:26:17-90
126-->src/main/AndroidManifest.xml:26:25-87
127                <action android:name="com.amazon.device.messaging.intent.RECEIVE" />
127-->src/main/AndroidManifest.xml:27:17-85
127-->src/main/AndroidManifest.xml:27:25-82
128
129                <category android:name="br.com.innovatesoft.bibliaarc" />
129-->src/main/AndroidManifest.xml:28:17-74
129-->src/main/AndroidManifest.xml:28:27-71
130            </intent-filter>
131        </receiver>
132
133        <activity
134            android:name="com.adobe.phonegap.push.PushHandlerActivity"
134-->src/main/AndroidManifest.xml:31:43-101
135            android:exported="true"
135-->src/main/AndroidManifest.xml:31:19-42
136            android:permission="br.com.innovatesoft.bibliaarc.permission.PushHandlerActivity" />
136-->src/main/AndroidManifest.xml:31:102-170
137
138        <receiver android:name="com.adobe.phonegap.push.BackgroundActionButtonHandler" />
138-->src/main/AndroidManifest.xml:32:9-90
138-->src/main/AndroidManifest.xml:32:19-87
139        <receiver android:name="com.adobe.phonegap.push.PushDismissedHandler" />
139-->src/main/AndroidManifest.xml:33:9-81
139-->src/main/AndroidManifest.xml:33:19-78
140
141        <service android:name="com.adobe.phonegap.push.FCMService" >
141-->src/main/AndroidManifest.xml:34:9-38:19
141-->src/main/AndroidManifest.xml:34:18-67
142            <intent-filter>
142-->src/main/AndroidManifest.xml:35:13-37:29
143                <action android:name="com.google.firebase.MESSAGING_EVENT" />
143-->src/main/AndroidManifest.xml:36:17-78
143-->src/main/AndroidManifest.xml:36:25-75
144            </intent-filter>
145        </service>
146        <service android:name="com.adobe.phonegap.push.PushInstanceIDListenerService" >
146-->src/main/AndroidManifest.xml:39:9-43:19
146-->src/main/AndroidManifest.xml:39:18-86
147            <intent-filter>
147-->src/main/AndroidManifest.xml:40:13-42:29
148                <action android:name="com.google.firebase.INSTANCE_ID_EVENT" />
148-->src/main/AndroidManifest.xml:41:17-80
148-->src/main/AndroidManifest.xml:41:25-77
149            </intent-filter>
150        </service>
151
152        <meta-data
152-->[com.onesignal:OneSignal:3.10.5] AndroidManifest.xml:50:9-52:51
153            android:name="onesignal_app_id"
153-->[com.onesignal:OneSignal:3.10.5] AndroidManifest.xml:51:13-44
154            android:value="" /> <!-- Deprecated - Pulled from OneSignal dashboard. -->
154-->[com.onesignal:OneSignal:3.10.5] AndroidManifest.xml:52:13-48
155        <meta-data
155-->[com.onesignal:OneSignal:3.10.5] AndroidManifest.xml:54:9-56:70
156            android:name="onesignal_google_project_number"
156-->[com.onesignal:OneSignal:3.10.5] AndroidManifest.xml:55:13-59
157            android:value="str:REMOTE" />
157-->[com.onesignal:OneSignal:3.10.5] AndroidManifest.xml:56:13-67
158
159        <receiver
159-->[com.onesignal:OneSignal:3.10.5] AndroidManifest.xml:58:9-68:20
160            android:name="com.onesignal.GcmBroadcastReceiver"
160-->[com.onesignal:OneSignal:3.10.5] AndroidManifest.xml:59:13-62
161            android:permission="com.google.android.c2dm.permission.SEND" >
161-->[com.onesignal:OneSignal:3.10.5] AndroidManifest.xml:60:13-73
162
163            <!-- High priority so OneSignal payloads can be filtered from other GCM receivers if filterOtherGCMReceivers is enabled. -->
164            <intent-filter android:priority="999" >
164-->[com.onesignal:OneSignal:3.10.5] AndroidManifest.xml:63:13-67:29
164-->[com.onesignal:OneSignal:3.10.5] AndroidManifest.xml:63:28-50
165                <action android:name="com.google.android.c2dm.intent.RECEIVE" />
165-->[com.onesignal:OneSignal:3.10.5] AndroidManifest.xml:64:17-81
165-->[com.onesignal:OneSignal:3.10.5] AndroidManifest.xml:64:25-78
166
167                <category android:name="br.com.innovatesoft.bibliaarc" />
167-->src/main/AndroidManifest.xml:28:17-74
167-->src/main/AndroidManifest.xml:28:27-71
168            </intent-filter>
169        </receiver>
170        <receiver android:name="com.onesignal.NotificationOpenedReceiver" />
170-->[com.onesignal:OneSignal:3.10.5] AndroidManifest.xml:69:9-77
170-->[com.onesignal:OneSignal:3.10.5] AndroidManifest.xml:69:19-74
171
172        <service android:name="com.onesignal.GcmIntentService" />
172-->[com.onesignal:OneSignal:3.10.5] AndroidManifest.xml:71:9-66
172-->[com.onesignal:OneSignal:3.10.5] AndroidManifest.xml:71:18-63
173        <service
173-->[com.onesignal:OneSignal:3.10.5] AndroidManifest.xml:72:9-74:72
174            android:name="com.onesignal.GcmIntentJobService"
174-->[com.onesignal:OneSignal:3.10.5] AndroidManifest.xml:73:13-61
175            android:permission="android.permission.BIND_JOB_SERVICE" />
175-->[com.onesignal:OneSignal:3.10.5] AndroidManifest.xml:74:13-69
176        <service
176-->[com.onesignal:OneSignal:3.10.5] AndroidManifest.xml:75:9-77:72
177            android:name="com.onesignal.RestoreJobService"
177-->[com.onesignal:OneSignal:3.10.5] AndroidManifest.xml:76:13-59
178            android:permission="android.permission.BIND_JOB_SERVICE" />
178-->[com.onesignal:OneSignal:3.10.5] AndroidManifest.xml:77:13-69
179        <service
179-->[com.onesignal:OneSignal:3.10.5] AndroidManifest.xml:78:9-80:72
180            android:name="com.onesignal.RestoreKickoffJobService"
180-->[com.onesignal:OneSignal:3.10.5] AndroidManifest.xml:79:13-66
181            android:permission="android.permission.BIND_JOB_SERVICE" />
181-->[com.onesignal:OneSignal:3.10.5] AndroidManifest.xml:80:13-69
182        <service
182-->[com.onesignal:OneSignal:3.10.5] AndroidManifest.xml:81:9-83:43
183            android:name="com.onesignal.SyncService"
183-->[com.onesignal:OneSignal:3.10.5] AndroidManifest.xml:82:13-53
184            android:stopWithTask="true" />
184-->[com.onesignal:OneSignal:3.10.5] AndroidManifest.xml:83:13-40
185        <service
185-->[com.onesignal:OneSignal:3.10.5] AndroidManifest.xml:84:9-86:72
186            android:name="com.onesignal.SyncJobService"
186-->[com.onesignal:OneSignal:3.10.5] AndroidManifest.xml:85:13-56
187            android:permission="android.permission.BIND_JOB_SERVICE" />
187-->[com.onesignal:OneSignal:3.10.5] AndroidManifest.xml:86:13-69
188
189        <activity
189-->[com.onesignal:OneSignal:3.10.5] AndroidManifest.xml:88:9-90:75
190            android:name="com.onesignal.PermissionsActivity"
190-->[com.onesignal:OneSignal:3.10.5] AndroidManifest.xml:89:13-61
191            android:theme="@android:style/Theme.Translucent.NoTitleBar" />
191-->[com.onesignal:OneSignal:3.10.5] AndroidManifest.xml:90:13-72
192
193        <service android:name="com.onesignal.NotificationRestoreService" />
193-->[com.onesignal:OneSignal:3.10.5] AndroidManifest.xml:92:9-76
193-->[com.onesignal:OneSignal:3.10.5] AndroidManifest.xml:92:18-73
194
195        <receiver android:name="com.onesignal.BootUpReceiver" >
195-->[com.onesignal:OneSignal:3.10.5] AndroidManifest.xml:94:9-99:20
195-->[com.onesignal:OneSignal:3.10.5] AndroidManifest.xml:94:19-62
196            <intent-filter>
196-->[com.onesignal:OneSignal:3.10.5] AndroidManifest.xml:95:13-98:29
197                <action android:name="android.intent.action.BOOT_COMPLETED" />
197-->[com.onesignal:OneSignal:3.10.5] AndroidManifest.xml:96:17-79
197-->[com.onesignal:OneSignal:3.10.5] AndroidManifest.xml:96:25-76
198                <action android:name="android.intent.action.QUICKBOOT_POWERON" />
198-->[com.onesignal:OneSignal:3.10.5] AndroidManifest.xml:97:17-82
198-->[com.onesignal:OneSignal:3.10.5] AndroidManifest.xml:97:25-79
199            </intent-filter>
200        </receiver>
201        <receiver android:name="com.onesignal.UpgradeReceiver" >
201-->[com.onesignal:OneSignal:3.10.5] AndroidManifest.xml:100:9-104:20
201-->[com.onesignal:OneSignal:3.10.5] AndroidManifest.xml:100:19-63
202            <intent-filter>
202-->[com.onesignal:OneSignal:3.10.5] AndroidManifest.xml:101:13-103:29
203                <action android:name="android.intent.action.MY_PACKAGE_REPLACED" />
203-->[com.onesignal:OneSignal:3.10.5] AndroidManifest.xml:102:17-84
203-->[com.onesignal:OneSignal:3.10.5] AndroidManifest.xml:102:25-81
204            </intent-filter>
205        </receiver>
206
207        <activity
207-->[com.google.android.gms:play-services-base:11.6.2] AndroidManifest.xml:19:9-172
208            android:name="com.google.android.gms.common.api.GoogleApiActivity"
208-->[com.google.android.gms:play-services-base:11.6.2] AndroidManifest.xml:19:19-85
209            android:exported="false"
209-->[com.google.android.gms:play-services-base:11.6.2] AndroidManifest.xml:19:146-170
210            android:theme="@android:style/Theme.Translucent.NoTitleBar" />
210-->[com.google.android.gms:play-services-base:11.6.2] AndroidManifest.xml:19:86-145
211        <!--
212 FirebaseMessagingService performs security checks at runtime,
213             no need for explicit permissions despite exported="true"
214        -->
215        <service
215-->[com.google.firebase:firebase-messaging:11.6.2] AndroidManifest.xml:23:9-27:19
216            android:name="com.google.firebase.messaging.FirebaseMessagingService"
216-->[com.google.firebase:firebase-messaging:11.6.2] AndroidManifest.xml:23:18-87
217            android:exported="true" >
217-->[com.google.firebase:firebase-messaging:11.6.2] AndroidManifest.xml:23:88-111
218            <intent-filter android:priority="-500" >
218-->src/main/AndroidManifest.xml:35:13-37:29
219                <action android:name="com.google.firebase.MESSAGING_EVENT" />
219-->src/main/AndroidManifest.xml:36:17-78
219-->src/main/AndroidManifest.xml:36:25-75
220            </intent-filter>
221        </service>
222
223        <receiver
223-->[com.google.firebase:firebase-analytics:11.6.2] AndroidManifest.xml:25:7-26:18
224            android:name="com.google.android.gms.measurement.AppMeasurementReceiver"
224-->[com.google.firebase:firebase-analytics:11.6.2] AndroidManifest.xml:25:17-89
225            android:enabled="true"
225-->[com.google.firebase:firebase-analytics:11.6.2] AndroidManifest.xml:25:90-112
226            android:exported="false" >
226-->[com.google.firebase:firebase-analytics:11.6.2] AndroidManifest.xml:25:113-137
227        </receiver>
228        <receiver
228-->[com.google.firebase:firebase-analytics:11.6.2] AndroidManifest.xml:27:7-31:18
229            android:name="com.google.android.gms.measurement.AppMeasurementInstallReferrerReceiver"
229-->[com.google.firebase:firebase-analytics:11.6.2] AndroidManifest.xml:27:17-104
230            android:enabled="true"
230-->[com.google.firebase:firebase-analytics:11.6.2] AndroidManifest.xml:27:162-184
231            android:exported="true"
231-->[com.google.firebase:firebase-analytics:11.6.2] AndroidManifest.xml:27:185-208
232            android:permission="android.permission.INSTALL_PACKAGES" >
232-->[com.google.firebase:firebase-analytics:11.6.2] AndroidManifest.xml:27:105-161
233            <intent-filter>
233-->[com.google.firebase:firebase-analytics:11.6.2] AndroidManifest.xml:28:11-30:27
234                <action android:name="com.android.vending.INSTALL_REFERRER" />
234-->[com.google.firebase:firebase-analytics:11.6.2] AndroidManifest.xml:29:15-76
234-->[com.google.firebase:firebase-analytics:11.6.2] AndroidManifest.xml:29:23-74
235            </intent-filter>
236        </receiver>
237
238        <service
238-->[com.google.firebase:firebase-analytics:11.6.2] AndroidManifest.xml:32:7-137
239            android:name="com.google.android.gms.measurement.AppMeasurementService"
239-->[com.google.firebase:firebase-analytics:11.6.2] AndroidManifest.xml:32:16-87
240            android:enabled="true"
240-->[com.google.firebase:firebase-analytics:11.6.2] AndroidManifest.xml:32:88-110
241            android:exported="false" />
241-->[com.google.firebase:firebase-analytics:11.6.2] AndroidManifest.xml:32:111-135
242        <service
242-->[com.google.firebase:firebase-analytics:11.6.2] AndroidManifest.xml:33:7-197
243            android:name="com.google.android.gms.measurement.AppMeasurementJobService"
243-->[com.google.firebase:firebase-analytics:11.6.2] AndroidManifest.xml:33:16-90
244            android:enabled="true"
244-->[com.google.firebase:firebase-analytics:11.6.2] AndroidManifest.xml:33:148-170
245            android:exported="false"
245-->[com.google.firebase:firebase-analytics:11.6.2] AndroidManifest.xml:33:171-195
246            android:permission="android.permission.BIND_JOB_SERVICE" />
246-->[com.google.firebase:firebase-analytics:11.6.2] AndroidManifest.xml:33:91-147
247
248        <receiver
248-->[com.google.firebase:firebase-iid:11.6.2] AndroidManifest.xml:31:9-36:20
249            android:name="com.google.firebase.iid.FirebaseInstanceIdReceiver"
249-->[com.google.firebase:firebase-iid:11.6.2] AndroidManifest.xml:31:19-84
250            android:exported="true"
250-->[com.google.firebase:firebase-iid:11.6.2] AndroidManifest.xml:31:85-108
251            android:permission="com.google.android.c2dm.permission.SEND" >
251-->[com.google.firebase:firebase-iid:11.6.2] AndroidManifest.xml:31:109-169
252            <intent-filter>
252-->[com.onesignal:OneSignal:3.10.5] AndroidManifest.xml:63:13-67:29
253                <action android:name="com.google.android.c2dm.intent.RECEIVE" />
253-->[com.onesignal:OneSignal:3.10.5] AndroidManifest.xml:64:17-81
253-->[com.onesignal:OneSignal:3.10.5] AndroidManifest.xml:64:25-78
254
255                <category android:name="br.com.innovatesoft.bibliaarc" />
255-->src/main/AndroidManifest.xml:28:17-74
255-->src/main/AndroidManifest.xml:28:27-71
256            </intent-filter>
257        </receiver>
258        <!--
259 FirebaseInstanceIdService performs security checks at runtime,
260             no need for explicit permissions despite exported="true"
261        -->
262        <service
262-->[com.google.firebase:firebase-iid:11.6.2] AndroidManifest.xml:40:9-44:19
263            android:name="com.google.firebase.iid.FirebaseInstanceIdService"
263-->[com.google.firebase:firebase-iid:11.6.2] AndroidManifest.xml:40:18-82
264            android:exported="true" >
264-->[com.google.firebase:firebase-iid:11.6.2] AndroidManifest.xml:40:83-106
265            <intent-filter android:priority="-500" >
265-->src/main/AndroidManifest.xml:40:13-42:29
266                <action android:name="com.google.firebase.INSTANCE_ID_EVENT" />
266-->src/main/AndroidManifest.xml:41:17-80
266-->src/main/AndroidManifest.xml:41:25-77
267            </intent-filter>
268        </service>
269
270        <provider
270-->[com.google.firebase:firebase-common:11.6.2] AndroidManifest.xml:6:9-194
271            android:name="com.google.firebase.provider.FirebaseInitProvider"
271-->[com.google.firebase:firebase-common:11.6.2] AndroidManifest.xml:6:79-143
272            android:authorities="br.com.innovatesoft.bibliaarc.firebaseinitprovider"
272-->[com.google.firebase:firebase-common:11.6.2] AndroidManifest.xml:6:19-78
273            android:exported="false"
273-->[com.google.firebase:firebase-common:11.6.2] AndroidManifest.xml:6:144-168
274            android:initOrder="100" />
274-->[com.google.firebase:firebase-common:11.6.2] AndroidManifest.xml:6:169-192
275
276        <meta-data
276-->[com.google.android.gms:play-services-basement:11.6.2] AndroidManifest.xml:20:9-121
277            android:name="com.google.android.gms.version"
277-->[com.google.android.gms:play-services-basement:11.6.2] AndroidManifest.xml:20:20-65
278            android:value="@integer/google_play_services_version" />
278-->[com.google.android.gms:play-services-basement:11.6.2] AndroidManifest.xml:20:66-119
279    </application>
280
281</manifest>